     1                                  section .data
     2 00000000 2900000000000000            number1 dq 41
     3 00000008 2900000000000000            number2 dq 41
     4                                  
     5 00000010 4E756D62657231203E-         fmt1 db "Number1 >= Number2",0xa,0
     5 00000019 3D204E756D62657232-
     5 00000022 0A00               
     6                                      ;lenFmt1 equ $ - fmt1 
     7                                  
     8 00000024 4E756D62657231203C-         fmt2 db "Number1 < Number2",0xa,0
     8 0000002D 204E756D626572320A-
     8 00000036 00                 
     9                                      ;lenFmt2 equ $ - fmt2 
    10                                  
    11                                  section .bss
    12                                  
    13                                  section .text
    14                                      extern printf
    15                                      global main
    16                                  main:
    17 00000000 55                          push rbp
    18 00000001 4889E5                      mov rbp, rsp
    19                                  
    20 00000004 488B0425[00000000]          mov rax, [number1]
    21 0000000C 488B1C25[08000000]          mov rbx, [number2]
    22                                  
    23 00000014 4839D8                      cmp rax, rbx
    24                                  
    25 00000017 7D16                        jge GreaterOrEqual
    26                                      
    27                                      LessOrEqual:
    28                                  
    29 00000019 48BF-                       mov rdi, fmt2
    29 0000001B [2400000000000000] 
    30 00000023 B800000000                  mov rax, 0
    31 00000028 E8(00000000)                call printf
    32                                  
    33 0000002D EB16                        jmp ExitProgram
    34                                  
    35                                      GreaterOrEqual:
    36                                  
    37 0000002F 48BF-                       mov rdi, fmt1
    37 00000031 [1000000000000000] 
    38 00000039 B800000000                  mov rax, 0
    39 0000003E E8(00000000)                call printf
    40                                      
    41 00000043 EB00                        jmp ExitProgram
    42                                  
    43                                      ExitProgram:
    44                                  
    45 00000045 4889EC                      mov rsp, rbp
    46 00000048 5D                          pop rbp
    47 00000049 B83C000000                  mov rax, 60
    48 0000004E BF00000000                  mov rdi, 0
    49 00000053 0F05                        syscall
    50                                  
    51                                  
    52                                  
