     1                                  section .data
     2 00000000 256C66                      format_float db "%lf"
     3 00000003 526573756C743A2025-         format_output db "Result: %lf",0xa,0
     3 0000000C 6C660A00           
     4                                  
     5 00000010 000000000000F03F            one dq 1.0
     6                                  
     7                                  section .bss
     8 00000000 ????????????????            x resq 1
     9                                  
    10                                  section .text
    11                                      extern printf, scanf
    12                                      global main
    13                                  
    14                                      main:
    15                                  
    16 00000000 55                          push rbp
    17 00000001 4889E5                      mov rbp, rsp
    18                                  
    19 00000004 48BF-                       mov rdi, format_float
    19 00000006 [0000000000000000] 
    20 0000000E B801000000                  mov rax, 1
    21 00000013 E8(00000000)                call scanf
    22 00000018 F20F110425-                 movsd [x], xmm0
    22 0000001D [00000000]         
    23                                  
    24 00000021 F20F100425-                 movsd xmm0, [x]
    24 00000026 [00000000]         
    25 0000002A F20F59C0                    mulsd xmm0, xmm0
    26 0000002E F20F100C25-                 movsd xmm1, [one]
    26 00000033 [10000000]         
    27                                      
    28 00000037 F20F5EC8                    divsd xmm1, xmm0
    29                                  
    30                                  
    31 0000003B 48BF-                       mov rdi, format_output
    31 0000003D [0300000000000000] 
    32 00000045 F20F10C1                    movsd xmm0, xmm1
    33 00000049 B801000000                  mov rax,1
    34 0000004E E8(00000000)                call printf
    35                                  
    36 00000053 4883C410                    add rsp, 16
    37                                      
    38 00000057 4889EC                      mov rsp, rbp
    39 0000005A B83C000000                  mov eax, 60
    40 0000005F 31FF                        xor edi, edi
    41 00000061 0F05                        syscall
    42                                  
