     1                                  section .data
     2                                  
     3 00000000 25660A00                    pNum1 db "%f",0xa,0
     4 00000004 1F85EB51B81E0940            num1 dq 3.14
     5                                  
     6                                  section .bss
     7 00000000 ????????????????            a resq 1
     8 00000008 ????????????????            b resq 1
     9                                  
    10                                  section .text
    11                                      extern printf
    12                                      extern scanf
    13                                  
    14                                      global main
    15                                  main:
    16 00000000 55                          push rbp
    17 00000001 4889E5                      mov rbp, rsp
    18                                  
    19 00000004 48BF-                       mov rdi, pNum1
    19 00000006 [0000000000000000] 
    20 0000000E 48BE-                       mov rsi, num1
    20 00000010 [0400000000000000] 
    21 00000018 B800000000                  mov rax, 0
    22 0000001D E8(00000000)                call printf
    23                                  
    24                                  
    25                                  
    26                                      ExitProgram:
    27                                  
    28 00000022 4889EC                      mov rsp, rbp
    29 00000025 5D                          pop rbp
    30 00000026 B83C000000                  mov rax, 60
    31 0000002B BF00000000                  mov rdi, 0
    32 00000030 0F05                        syscall
    33                                  
    34                                  
    35                                  
